<?xml version="1.0" encoding="UTF-8"?>
<testng-results ignored="0" total="1" passed="1" failed="0" skipped="0">
  <reporter-output>
  </reporter-output>
  <suite started-at="2025-07-28T22:58:12 IST" name="Surefire suite" finished-at="2025-07-28T22:58:19 IST" duration-ms="7301">
    <groups>
    </groups>
    <test started-at="2025-07-28T22:58:12 IST" name="Surefire test" finished-at="2025-07-28T22:58:19 IST" duration-ms="7301">
      <class name="com.mygroup.MyTests">
        <test-method signature="sampleTest()[pri:0, instance:com.mygroup.MyTests@309e345f]" started-at="2025-07-28T22:58:12 IST" name="sampleTest" finished-at="2025-07-28T22:58:19 IST" duration-ms="7235" status="PASS">
          <reporter-output>
          </reporter-output>
        </test-method> <!-- sampleTest -->
      </class> <!-- com.mygroup.MyTests -->
    </test> <!-- Surefire test -->
  </suite> <!-- Surefire suite -->
</testng-results>
